<?xml version="1.0" encoding="UTF-8"?>
<!-- Generated by org.testng.reporters.JUnitReportReporter -->
<testsuite hostname="bharaths-mbp.kpn" failures="0" tests="3" name="com.OpenCart.tests.LoginPageTests" time="1.015" errors="0" timestamp="2024-05-29T16:42:13 CEST" skipped="0">
  <testcase classname="com.OpenCart.tests.LoginPageTests" name="login" time="0.378"/>
  <testcase classname="com.OpenCart.tests.LoginPageTests" name="forgotPasswordLinkVisibility" time="0.009"/>
  <testcase classname="com.OpenCart.tests.LoginPageTests" name="appLoginTest" time="0.628"/>
</testsuite> <!-- com.OpenCart.tests.LoginPageTests -->
