<?xml version="1.0" encoding="UTF-8"?>
<!-- Generated by org.testng.reporters.JUnitReportReporter -->
<testsuite hostname="bharaths-mbp.kpn" failures="0" tests="3" name="com.OpenCart.tests.HomePageTests" time="30.011" errors="1" timestamp="2024-05-29T16:42:13 CEST" skipped="0">
  <testcase classname="com.OpenCart.tests.HomePageTests" name="homePageURLTest" time="0.001"/>
  <testcase classname="com.OpenCart.tests.HomePageTests" name="homePageTitleTest" time="0.005"/>
  <testcase classname="com.OpenCart.tests.HomePageTests" name="searchTest" time="30.005">
    <error message="Error {
  message=&#039;Timeout 30000ms exceeded.
  name=&#039;TimeoutError
  stack=&#039;TimeoutError: Timeout 30000ms exceeded.
    at ProgressController.run (/private/var/folders/95/w06hfx957_g1200gbshtlgkm0000gn/T/playwright-java-1863833579475134304/package/lib/server/progress.js:78:26)
    at Frame.fill (/private/var/folders/95/w06hfx957_g1200gbshtlgkm0000gn/T/playwright-java-1863833579475134304/package/lib/server/frames.js:1052:23)
    at FrameDispatcher.fill (/private/var/folders/95/w06hfx957_g1200gbshtlgkm0000gn/T/playwright-java-1863833579475134304/package/lib/server/dispatchers/frameDispatcher.js:170:30)
    at FrameDispatcher._handleCommand (/private/var/folders/95/w06hfx957_g1200gbshtlgkm0000gn/T/playwright-java-1863833579475134304/package/lib/server/dispatchers/dispatcher.js:94:40)
    at DispatcherConnection.dispatch (/private/var/folders/95/w06hfx957_g1200gbshtlgkm0000gn/T/playwright-java-1863833579475134304/package/lib/server/dispatchers/dispatcher.js:361:39)
}
Call log:
- waiting for locator(&quot;input[name=&#039;search1&#039;]&quot;)
" type="com.microsoft.playwright.TimeoutError">
      <![CDATA[com.microsoft.playwright.TimeoutError: Error {
  message='Timeout 30000ms exceeded.
  name='TimeoutError
  stack='TimeoutError: Timeout 30000ms exceeded.
    at ProgressController.run (/private/var/folders/95/w06hfx957_g1200gbshtlgkm0000gn/T/playwright-java-1863833579475134304/package/lib/server/progress.js:78:26)
    at Frame.fill (/private/var/folders/95/w06hfx957_g1200gbshtlgkm0000gn/T/playwright-java-1863833579475134304/package/lib/server/frames.js:1052:23)
    at FrameDispatcher.fill (/private/var/folders/95/w06hfx957_g1200gbshtlgkm0000gn/T/playwright-java-1863833579475134304/package/lib/server/dispatchers/frameDispatcher.js:170:30)
    at FrameDispatcher._handleCommand (/private/var/folders/95/w06hfx957_g1200gbshtlgkm0000gn/T/playwright-java-1863833579475134304/package/lib/server/dispatchers/dispatcher.js:94:40)
    at DispatcherConnection.dispatch (/private/var/folders/95/w06hfx957_g1200gbshtlgkm0000gn/T/playwright-java-1863833579475134304/package/lib/server/dispatchers/dispatcher.js:361:39)
}
Call log:
- waiting for locator("input[name='search1']")

at com.microsoft.playwright.impl.WaitableResult.get(WaitableResult.java:52)
at com.microsoft.playwright.impl.ChannelOwner.runUntil(ChannelOwner.java:120)
at com.microsoft.playwright.impl.Connection.sendMessage(Connection.java:130)
at com.microsoft.playwright.impl.ChannelOwner.sendMessage(ChannelOwner.java:106)
at com.microsoft.playwright.impl.FrameImpl.fillImpl(FrameImpl.java:335)
at com.microsoft.playwright.impl.PageImpl.lambda$fill$28(PageImpl.java:756)
at com.microsoft.playwright.impl.LoggingSupport.lambda$withLogging$0(LoggingSupport.java:36)
at com.microsoft.playwright.impl.LoggingSupport.withLogging(LoggingSupport.java:47)
at com.microsoft.playwright.impl.ChannelOwner.withLogging(ChannelOwner.java:89)
at com.microsoft.playwright.impl.LoggingSupport.withLogging(LoggingSupport.java:35)
at com.microsoft.playwright.impl.PageImpl.fill(PageImpl.java:755)
at com.microsoft.playwright.Page.fill(Page.java:4790)
at com.OpenCart.pages.HomePage.searchForProducts(HomePage.java:37)
at com.OpenCart.tests.HomePageTests.searchTest(HomePageTests.java:22)
at java.base/jdk.internal.reflect.NativeMethodAccessorImpl.invoke0(Native Method)
at java.base/jdk.internal.reflect.NativeMethodAccessorImpl.invoke(NativeMethodAccessorImpl.java:62)
at java.base/jdk.internal.reflect.DelegatingMethodAccessorImpl.invoke(DelegatingMethodAccessorImpl.java:43)
at java.base/java.lang.reflect.Method.invoke(Method.java:566)
at org.testng.internal.invokers.MethodInvocationHelper.invokeMethod(MethodInvocationHelper.java:141)
at org.testng.internal.invokers.TestInvoker.invokeMethod(TestInvoker.java:686)
at org.testng.internal.invokers.TestInvoker.invokeTestMethod(TestInvoker.java:230)
at org.testng.internal.invokers.MethodRunner.runInSequence(MethodRunner.java:63)
at org.testng.internal.invokers.TestInvoker$MethodInvocationAgent.invoke(TestInvoker.java:992)
at org.testng.internal.invokers.TestInvoker.invokeTestMethods(TestInvoker.java:203)
at org.testng.internal.invokers.TestMethodWorker.invokeTestMethods(TestMethodWorker.java:154)
at org.testng.internal.invokers.TestMethodWorker.run(TestMethodWorker.java:134)
at java.base/java.util.ArrayList.forEach(ArrayList.java:1541)
at org.testng.TestRunner.privateRun(TestRunner.java:739)
at org.testng.TestRunner.run(TestRunner.java:614)
at org.testng.SuiteRunner.runTest(SuiteRunner.java:421)
at org.testng.SuiteRunner$SuiteWorker.run(SuiteRunner.java:463)
at org.testng.internal.thread.ThreadUtil.lambda$execute$0(ThreadUtil.java:64)
at java.base/java.util.concurrent.FutureTask.run(FutureTask.java:264)
at java.base/java.util.concurrent.ThreadPoolExecutor.runWorker(ThreadPoolExecutor.java:1128)
at java.base/java.util.concurrent.ThreadPoolExecutor$Worker.run(ThreadPoolExecutor.java:628)
at java.base/java.lang.Thread.run(Thread.java:834)
Caused by: com.microsoft.playwright.TimeoutError: Error {
  message='Timeout 30000ms exceeded.
  name='TimeoutError
  stack='TimeoutError: Timeout 30000ms exceeded.
    at ProgressController.run (/private/var/folders/95/w06hfx957_g1200gbshtlgkm0000gn/T/playwright-java-1863833579475134304/package/lib/server/progress.js:78:26)
    at Frame.fill (/private/var/folders/95/w06hfx957_g1200gbshtlgkm0000gn/T/playwright-java-1863833579475134304/package/lib/server/frames.js:1052:23)
    at FrameDispatcher.fill (/private/var/folders/95/w06hfx957_g1200gbshtlgkm0000gn/T/playwright-java-1863833579475134304/package/lib/server/dispatchers/frameDispatcher.js:170:30)
    at FrameDispatcher._handleCommand (/private/var/folders/95/w06hfx957_g1200gbshtlgkm0000gn/T/playwright-java-1863833579475134304/package/lib/server/dispatchers/dispatcher.js:94:40)
    at DispatcherConnection.dispatch (/private/var/folders/95/w06hfx957_g1200gbshtlgkm0000gn/T/playwright-java-1863833579475134304/package/lib/server/dispatchers/dispatcher.js:361:39)
}
Call log:
- waiting for locator("input[name='search1']")

at com.microsoft.playwright.impl.Connection.dispatch(Connection.java:254)
at com.microsoft.playwright.impl.Connection.processOneMessage(Connection.java:211)
at com.microsoft.playwright.impl.ChannelOwner.runUntil(ChannelOwner.java:118)
... 34 more
]]>
    </error>
  </testcase> <!-- searchTest -->
</testsuite> <!-- com.OpenCart.tests.HomePageTests -->
